2024/04/22 20:25:08 0    1713788706925
2024/04/22 20:25:08 1    1713788706929
2024/04/22 20:25:08 2    1713788706945
2024/04/22 20:25:08 3    1713788706960
2024/04/22 20:25:08 4    1713788706975
2024/04/22 20:25:08 5    1713788706991
2024/04/22 20:25:08 6    1713788706991
2024/04/22 20:25:08 7    1713788707007
2024/04/22 20:25:08 8    1713788707023
2024/04/22 20:25:08 9    1713788707039
2024/04/22 20:25:08 10    1713788707055
2024/04/22 20:25:08 11    1713788707070
2024/04/22 20:25:08 12    1713788707086
2024/04/22 20:25:08 13    1713788707101
2024/04/22 20:25:08 14    1713788707117
2024/04/22 20:25:08 15    1713788707117
2024/04/22 20:25:08 16    1713788707132
2024/04/22 20:25:08 17    1713788707132
2024/04/22 20:25:08 18    1713788707147
2024/04/22 20:25:08 19    1713788707164
2024/04/22 20:25:08 20    1713788707179
2024/04/22 20:25:08 21    1713788707194
2024/04/22 20:25:08 22    1713788707211
2024/04/22 20:25:08 23    1713788707226
2024/04/22 20:25:08 24    1713788707242
2024/04/22 20:25:08 25    1713788707257
2024/04/22 20:25:08 26    1713788707257
2024/04/22 20:25:08 27    1713788707273
2024/04/22 20:25:08 28    1713788707288
2024/04/22 20:25:08 29    1713788707304
2024/04/22 20:25:08 30    1713788707305
2024/04/22 20:25:08 31    1713788707320
2024/04/22 20:25:08 32    1713788707320
2024/04/22 20:25:08 33    1713788707335
2024/04/22 20:25:08 34    1713788707351
2024/04/22 20:25:08 35    1713788707366
2024/04/22 20:25:08 36    1713788707382
2024/04/22 20:25:08 37    1713788707398
2024/04/22 20:25:08 38    1713788707413
2024/04/22 20:25:08 39    1713788707429
2024/04/22 20:25:08 40    1713788707429
2024/04/22 20:25:08 41    1713788707444
2024/04/22 20:25:08 42    1713788707461
2024/04/22 20:25:08 43    1713788707461
2024/04/22 20:25:08 44    1713788707476
2024/04/22 20:25:08 45    1713788707492
2024/04/22 20:25:08 46    1713788707507
2024/04/22 20:25:08 47    1713788707523
2024/04/22 20:25:08 48    1713788707523
2024/04/22 20:25:08 49    1713788707539
2024/04/22 20:25:08 50    1713788707553
2024/04/22 20:25:08 51    1713788707569
2024/04/22 20:25:08 52    1713788707585
2024/04/22 20:25:08 53    1713788707585
2024/04/22 20:25:08 54    1713788707601
2024/04/22 20:25:08 55    1713788707601
2024/04/22 20:25:08 56    1713788707617
2024/04/22 20:25:08 57    1713788707632
2024/04/22 20:25:08 58    1713788707648
2024/04/22 20:25:08 59    1713788707664
2024/04/22 20:25:08 60    1713788707664
2024/04/22 20:25:08 61    1713788707679
2024/04/22 20:25:08 62    1713788707694
2024/04/22 20:25:08 63    1713788707694
2024/04/22 20:25:08 64    1713788707710
2024/04/22 20:25:08 65    1713788707726
2024/04/22 20:25:08 66    1713788707742
2024/04/22 20:25:08 67    1713788707757
2024/04/22 20:25:08 68    1713788707772
2024/04/22 20:25:08 69    1713788707788
2024/04/22 20:25:08 70    1713788707803
2024/04/22 20:25:08 71    1713788707803
2024/04/22 20:25:08 72    1713788707819
2024/04/22 20:25:08 73    1713788707834
2024/04/22 20:25:08 74    1713788707834
2024/04/22 20:25:08 75    1713788707850
2024/04/22 20:25:08 76    1713788707865
2024/04/22 20:25:08 77    1713788707866
2024/04/22 20:25:08 78    1713788707881
2024/04/22 20:25:08 79    1713788707897
2024/04/22 20:25:08 80    1713788707912
2024/04/22 20:25:08 81    1713788707928
2024/04/22 20:25:08 82    1713788707943
2024/04/22 20:25:08 83    1713788707944
2024/04/22 20:25:08 84    1713788707959
2024/04/22 20:25:08 85    1713788707959
2024/04/22 20:25:08 86    1713788707974
2024/04/22 20:25:08 87    1713788707990
2024/04/22 20:25:08 88    1713788708005
2024/04/22 20:25:08 89    1713788708021
2024/04/22 20:25:08 90    1713788708036
2024/04/22 20:25:08 91    1713788708052
2024/04/22 20:25:08 92    1713788708067
2024/04/22 20:25:08 93    1713788708083
2024/04/22 20:25:08 94    1713788708098
2024/04/22 20:25:08 95    1713788708098
2024/04/22 20:25:08 96    1713788708113
2024/04/22 20:25:08 97    1713788708129
2024/04/22 20:25:08 98    1713788708144
2024/04/22 20:25:08 99    1713788708160
